# JRE version: Java(TM) SE Runtime Environment (8.0_101-b13) (build 1.8.0_101-b13)
# Java VM: Java HotSpot(TM) 64-Bit Server VM (25.101-b13 mixed mode windows-amd64 compressed oops)
Heap:
 PSYoungGen      total 120320K, used 103880K [0x00000000d5900000, 0x00000000ded00000, 0x0000000100000000)
  eden space 112128K, 85% used [0x00000000d5900000,0x00000000db698c30,0x00000000dc680000)
  from space 8192K, 98% used [0x00000000de500000,0x00000000decd9400,0x00000000ded00000)
  to   space 10240K, 0% used [0x00000000dd900000,0x00000000dd900000,0x00000000de300000)
 ParOldGen       total 57344K, used 9801K [0x0000000080a00000, 0x0000000084200000, 0x00000000d5900000)
  object space 57344K, 17% used [0x0000000080a00000,0x0000000081392400,0x0000000084200000)
 Metaspace       used 31178K, capacity 31446K, committed 31872K, reserved 1077248K
  class space    used 3798K, capacity 3892K, committed 3968K, reserved 1048576K
GC Heap History (10 events):
Event: 1.074 GC heap before
{Heap before GC invocations=3 (full 0):
 PSYoungGen      total 38400K, used 38392K [0x00000000d5900000, 0x00000000da400000, 0x0000000100000000)
  eden space 33280K, 100% used [0x00000000d5900000,0x00000000d7980000,0x00000000d7980000)
  from space 5120K, 99% used [0x00000000d7e80000,0x00000000d837e0b0,0x00000000d8380000)
  to   space 5120K, 0% used [0x00000000d7980000,0x00000000d7980000,0x00000000d7e80000)
 ParOldGen       total 87552K, used 6145K [0x0000000080a00000, 0x0000000085f80000, 0x00000000d5900000)
  object space 87552K, 7% used [0x0000000080a00000,0x00000000810004b8,0x0000000085f80000)
 Metaspace       used 19018K, capacity 19250K, committed 19328K, reserved 1067008K
  class space    used 2312K, capacity 2402K, committed 2432K, reserved 1048576K
Event: 1.078 GC heap after
Heap after GC invocations=3 (full 0):
 PSYoungGen      total 38400K, used 5088K [0x00000000d5900000, 0x00000000da400000, 0x0000000100000000)
  eden space 33280K, 0% used [0x00000000d5900000,0x00000000d5900000,0x00000000d7980000)
  from space 5120K, 99% used [0x00000000d7980000,0x00000000d7e78040,0x00000000d7e80000)
  to   space 5120K, 0% used [0x00000000d9f00000,0x00000000d9f00000,0x00000000da400000)
 ParOldGen       total 87552K, used 8739K [0x0000000080a00000, 0x0000000085f80000, 0x00000000d5900000)
  object space 87552K, 9% used [0x0000000080a00000,0x0000000081288c88,0x0000000085f80000)
 Metaspace       used 19018K, capacity 19250K, committed 19328K, reserved 1067008K
  class space    used 2312K, capacity 2402K, committed 2432K, reserved 1048576K
}
Event: 1.409 GC heap before
{Heap before GC invocations=4 (full 0):
 PSYoungGen      total 38400K, used 38368K [0x00000000d5900000, 0x00000000da400000, 0x0000000100000000)
  eden space 33280K, 100% used [0x00000000d5900000,0x00000000d7980000,0x00000000d7980000)
  from space 5120K, 99% used [0x00000000d7980000,0x00000000d7e78040,0x00000000d7e80000)
  to   space 5120K, 0% used [0x00000000d9f00000,0x00000000d9f00000,0x00000000da400000)
 ParOldGen       total 87552K, used 8739K [0x0000000080a00000, 0x0000000085f80000, 0x00000000d5900000)
  object space 87552K, 9% used [0x0000000080a00000,0x0000000081288c88,0x0000000085f80000)
 Metaspace       used 20610K, capacity 20810K, committed 21120K, reserved 1067008K
  class space    used 2521K, capacity 2598K, committed 2688K, reserved 1048576K
Event: 1.415 GC heap after
Heap after GC invocations=4 (full 0):
 PSYoungGen      total 71680K, used 5088K [0x00000000d5900000, 0x00000000da400000, 0x0000000100000000)
  eden space 66560K, 0% used [0x00000000d5900000,0x00000000d5900000,0x00000000d9a00000)
  from space 5120K, 99% used [0x00000000d9f00000,0x00000000da3f8040,0x00000000da400000)
  to   space 5120K, 0% used [0x00000000d9a00000,0x00000000d9a00000,0x00000000d9f00000)
 ParOldGen       total 87552K, used 11654K [0x0000000080a00000, 0x0000000085f80000, 0x00000000d5900000)
  object space 87552K, 13% used [0x0000000080a00000,0x0000000081561bb8,0x0000000085f80000)
 Metaspace       used 20610K, capacity 20810K, committed 21120K, reserved 1067008K
  class space    used 2521K, capacity 2598K, committed 2688K, reserved 1048576K
}
Event: 1.441 GC heap before
{Heap before GC invocations=5 (full 0):
 PSYoungGen      total 71680K, used 7442K [0x00000000d5900000, 0x00000000da400000, 0x0000000100000000)
  eden space 66560K, 3% used [0x00000000d5900000,0x00000000d5b4c920,0x00000000d9a00000)
  from space 5120K, 99% used [0x00000000d9f00000,0x00000000da3f8040,0x00000000da400000)
  to   space 5120K, 0% used [0x00000000d9a00000,0x00000000d9a00000,0x00000000d9f00000)
 ParOldGen       total 87552K, used 11654K [0x0000000080a00000, 0x0000000085f80000, 0x00000000d5900000)
  object space 87552K, 13% used [0x0000000080a00000,0x0000000081561bb8,0x0000000085f80000)
 Metaspace       used 20929K, capacity 21162K, committed 21296K, reserved 1069056K
  class space    used 2561K, capacity 2630K, committed 2688K, reserved 1048576K
Event: 1.445 GC heap after
Heap after GC invocations=5 (full 0):
 PSYoungGen      total 71680K, used 5104K [0x00000000d5900000, 0x00000000def00000, 0x0000000100000000)
  eden space 66560K, 0% used [0x00000000d5900000,0x00000000d5900000,0x00000000d9a00000)
  from space 5120K, 99% used [0x00000000d9a00000,0x00000000d9efc030,0x00000000d9f00000)
  to   space 10240K, 0% used [0x00000000de500000,0x00000000de500000,0x00000000def00000)
 ParOldGen       total 87552K, used 12011K [0x0000000080a00000, 0x0000000085f80000, 0x00000000d5900000)
  object space 87552K, 13% used [0x0000000080a00000,0x00000000815bace0,0x0000000085f80000)
 Metaspace       used 20929K, capacity 21162K, committed 21296K, reserved 1069056K
  class space    used 2561K, capacity 2630K, committed 2688K, reserved 1048576K
}
Event: 1.445 GC heap before
{Heap before GC invocations=6 (full 1):
 PSYoungGen      total 71680K, used 5104K [0x00000000d5900000, 0x00000000def00000, 0x0000000100000000)
  eden space 66560K, 0% used [0x00000000d5900000,0x00000000d5900000,0x00000000d9a00000)
  from space 5120K, 99% used [0x00000000d9a00000,0x00000000d9efc030,0x00000000d9f00000)
  to   space 10240K, 0% used [0x00000000de500000,0x00000000de500000,0x00000000def00000)
 ParOldGen       total 87552K, used 12011K [0x0000000080a00000, 0x0000000085f80000, 0x00000000d5900000)
  object space 87552K, 13% used [0x0000000080a00000,0x00000000815bace0,0x0000000085f80000)
 Metaspace       used 20929K, capacity 21162K, committed 21296K, reserved 1069056K
  class space    used 2561K, capacity 2630K, committed 2688K, reserved 1048576K
Event: 1.470 GC heap after
Heap after GC invocations=6 (full 1):
 PSYoungGen      total 71680K, used 0K [0x00000000d5900000, 0x00000000def00000, 0x0000000100000000)
  eden space 66560K, 0% used [0x00000000d5900000,0x00000000d5900000,0x00000000d9a00000)
  from space 5120K, 0% used [0x00000000d9a00000,0x00000000d9a00000,0x00000000d9f00000)
  to   space 10240K, 0% used [0x00000000de500000,0x00000000de500000,0x00000000def00000)
 ParOldGen       total 57344K, used 9793K [0x0000000080a00000, 0x0000000084200000, 0x00000000d5900000)
  object space 57344K, 17% used [0x0000000080a00000,0x0000000081390400,0x0000000084200000)
 Metaspace       used 20929K, capacity 21162K, committed 21296K, reserved 1069056K
  class space    used 2561K, capacity 2630K, committed 2688K, reserved 1048576K
}
Event: 2.353 GC heap before
{Heap before GC invocations=7 (full 1):
 PSYoungGen      total 71680K, used 66560K [0x00000000d5900000, 0x00000000def00000, 0x0000000100000000)
  eden space 66560K, 100% used [0x00000000d5900000,0x00000000d9a00000,0x00000000d9a00000)
  from space 5120K, 0% used [0x00000000d9a00000,0x00000000d9a00000,0x00000000d9f00000)
  to   space 10240K, 0% used [0x00000000de500000,0x00000000de500000,0x00000000def00000)
 ParOldGen       total 57344K, used 9793K [0x0000000080a00000, 0x0000000084200000, 0x00000000d5900000)
  object space 57344K, 17% used [0x0000000080a00000,0x0000000081390400,0x0000000084200000)
 Metaspace       used 26765K, capacity 27106K, committed 27264K, reserved 1073152K
  class space    used 3264K, capacity 3370K, committed 3456K, reserved 1048576K
Event: 2.361 GC heap after
Heap after GC invocations=7 (full 1):
 PSYoungGen      total 120320K, used 8037K [0x00000000d5900000, 0x00000000ded00000, 0x0000000100000000)
  eden space 112128K, 0% used [0x00000000d5900000,0x00000000d5900000,0x00000000dc680000)
  from space 8192K, 98% used [0x00000000de500000,0x00000000decd9400,0x00000000ded00000)
  to   space 10240K, 0% used [0x00000000dd900000,0x00000000dd900000,0x00000000de300000)
 ParOldGen       total 57344K, used 9801K [0x0000000080a00000, 0x0000000084200000, 0x00000000d5900000)
  object space 57344K, 17% used [0x0000000080a00000,0x0000000081392400,0x0000000084200000)
 Metaspace       used 26765K, capacity 27106K, committed 27264K, reserved 1073152K
  class space    used 3264K, capacity 3370K, committed 3456K, reserved 1048576K
}

